2025-09-24T02:58:40.853Z	info	disk/fio.go:52	开始FIO测试硬盘
2025-09-24T02:58:40.853Z	info	disk/common.go:92	识别到的磁盘分区:
2025-09-24T02:58:40.853Z	info	disk/common.go:94	路径: /, 设备: /dev/sda1, 文件系统: ext4
2025-09-24T02:58:40.853Z	info	disk/common.go:94	路径: /boot, 设备: /dev/sda16, 文件系统: ext4
2025-09-24T02:58:40.853Z	info	disk/common.go:94	路径: /boot/efi, 设备: /dev/sda15, 文件系统: vfat
2025-09-24T02:58:40.853Z	info	disk/common.go:94	路径: /mnt, 设备: /dev/sdb1, 文件系统: ext4
2025-09-24T02:58:40.853Z	info	disk/utils.go:25	cannot open file for writing: open /.temp_write_check: permission denied
2025-09-24T02:58:40.855Z	info	disk/utils.go:25	期望文件系统但不可写: /, 设备: /dev/sda1, 文件系统: ext4
2025-09-24T02:58:40.855Z	info	disk/utils.go:25	cannot open file for writing: open /boot/.temp_write_check: permission denied
2025-09-24T02:58:40.856Z	info	disk/utils.go:25	期望文件系统但不可写: /boot, 设备: /dev/sda16, 文件系统: ext4
2025-09-24T02:58:40.856Z	info	disk/utils.go:25	排除挂载点: /boot/efi, 设备: /dev/sda15
2025-09-24T02:58:40.856Z	info	disk/utils.go:25	cannot open file for writing: open /mnt/.temp_write_check: permission denied
2025-09-24T02:58:40.856Z	info	disk/utils.go:25	期望文件系统但不可写: /mnt, 设备: /dev/sdb1, 文件系统: ext4
2025-09-24T02:58:40.857Z	info	disk/utils.go:25	开始多路径FIO测试
2025-09-24T02:58:40.857Z	info	disk/dd.go:52	开始DD测试硬盘IO
2025-09-24T02:58:40.857Z	info	disk/common.go:92	识别到的磁盘分区:
2025-09-24T02:58:40.857Z	info	disk/common.go:94	路径: /, 设备: /dev/sda1, 文件系统: ext4
2025-09-24T02:58:40.857Z	info	disk/common.go:94	路径: /boot, 设备: /dev/sda16, 文件系统: ext4
2025-09-24T02:58:40.857Z	info	disk/common.go:94	路径: /boot/efi, 设备: /dev/sda15, 文件系统: vfat
2025-09-24T02:58:40.857Z	info	disk/common.go:94	路径: /mnt, 设备: /dev/sdb1, 文件系统: ext4
2025-09-24T02:58:40.857Z	info	disk/utils.go:25	cannot open file for writing: open /.temp_write_check: permission denied
2025-09-24T02:58:40.858Z	info	disk/utils.go:25	期望文件系统但不可写: /, 设备: /dev/sda1, 文件系统: ext4
2025-09-24T02:58:40.858Z	info	disk/utils.go:25	cannot open file for writing: open /boot/.temp_write_check: permission denied
2025-09-24T02:58:40.858Z	info	disk/utils.go:25	期望文件系统但不可写: /boot, 设备: /dev/sda16, 文件系统: ext4
2025-09-24T02:58:40.858Z	info	disk/utils.go:25	排除挂载点: /boot/efi, 设备: /dev/sda15
2025-09-24T02:58:40.858Z	info	disk/utils.go:25	cannot open file for writing: open /mnt/.temp_write_check: permission denied
2025-09-24T02:58:40.859Z	info	disk/utils.go:25	期望文件系统但不可写: /mnt, 设备: /dev/sdb1, 文件系统: ext4
2025-09-24T02:58:40.860Z	info	disk/utils.go:25	开始测试块大小: 4k, 文件: 100MB.test
2025-09-24T02:58:40.860Z	info	disk/utils.go:25	开始多路径测试
2025-09-24T02:58:40.860Z	info	disk/utils.go:25	开始测试块大小: 1M, 文件: 1GB.test
2025-09-24T02:58:40.860Z	info	disk/utils.go:25	开始多路径测试
2025-09-24T02:58:48.543Z	info	disk/dd.go:52	开始DD测试硬盘IO
2025-09-24T02:58:48.543Z	info	disk/common.go:92	识别到的磁盘分区:
2025-09-24T02:58:48.543Z	info	disk/common.go:94	路径: /, 设备: /dev/sda1, 文件系统: ext4
2025-09-24T02:58:48.543Z	info	disk/common.go:94	路径: /boot, 设备: /dev/sda16, 文件系统: ext4
2025-09-24T02:58:48.543Z	info	disk/common.go:94	路径: /boot/efi, 设备: /dev/sda15, 文件系统: vfat
2025-09-24T02:58:48.543Z	info	disk/common.go:94	路径: /mnt, 设备: /dev/sdb1, 文件系统: ext4
2025-09-24T02:58:48.543Z	info	disk/utils.go:25	cannot open file for writing: open /.temp_write_check: permission denied
2025-09-24T02:58:48.544Z	info	disk/utils.go:25	期望文件系统但不可写: /, 设备: /dev/sda1, 文件系统: ext4
2025-09-24T02:58:48.544Z	info	disk/utils.go:25	cannot open file for writing: open /boot/.temp_write_check: permission denied
2025-09-24T02:58:48.545Z	info	disk/utils.go:25	期望文件系统但不可写: /boot, 设备: /dev/sda16, 文件系统: ext4
2025-09-24T02:58:48.545Z	info	disk/utils.go:25	排除挂载点: /boot/efi, 设备: /dev/sda15
2025-09-24T02:58:48.545Z	info	disk/utils.go:25	cannot open file for writing: open /mnt/.temp_write_check: permission denied
2025-09-24T02:58:48.545Z	info	disk/utils.go:25	期望文件系统但不可写: /mnt, 设备: /dev/sdb1, 文件系统: ext4
2025-09-24T02:58:48.546Z	info	disk/utils.go:25	开始测试块大小: 4k, 文件: 100MB.test
2025-09-24T02:58:48.546Z	info	disk/utils.go:25	开始多路径测试
2025-09-24T02:58:48.546Z	info	disk/utils.go:25	开始测试块大小: 1M, 文件: 1GB.test
2025-09-24T02:58:48.546Z	info	disk/utils.go:25	开始多路径测试
2025-09-24T02:58:48.547Z	info	disk/fio.go:52	开始FIO测试硬盘
2025-09-24T02:58:48.547Z	info	disk/common.go:92	识别到的磁盘分区:
2025-09-24T02:58:48.547Z	info	disk/common.go:94	路径: /, 设备: /dev/sda1, 文件系统: ext4
2025-09-24T02:58:48.547Z	info	disk/common.go:94	路径: /boot, 设备: /dev/sda16, 文件系统: ext4
2025-09-24T02:58:48.547Z	info	disk/common.go:94	路径: /boot/efi, 设备: /dev/sda15, 文件系统: vfat
2025-09-24T02:58:48.547Z	info	disk/common.go:94	路径: /mnt, 设备: /dev/sdb1, 文件系统: ext4
2025-09-24T02:58:48.547Z	info	disk/utils.go:25	cannot open file for writing: open /.temp_write_check: permission denied
2025-09-24T02:58:48.547Z	info	disk/utils.go:25	期望文件系统但不可写: /, 设备: /dev/sda1, 文件系统: ext4
2025-09-24T02:58:48.547Z	info	disk/utils.go:25	cannot open file for writing: open /boot/.temp_write_check: permission denied
2025-09-24T02:58:48.548Z	info	disk/utils.go:25	期望文件系统但不可写: /boot, 设备: /dev/sda16, 文件系统: ext4
2025-09-24T02:58:48.548Z	info	disk/utils.go:25	排除挂载点: /boot/efi, 设备: /dev/sda15
2025-09-24T02:58:48.548Z	info	disk/utils.go:25	cannot open file for writing: open /mnt/.temp_write_check: permission denied
2025-09-24T02:58:48.548Z	info	disk/utils.go:25	期望文件系统但不可写: /mnt, 设备: /dev/sdb1, 文件系统: ext4
2025-09-24T02:58:48.549Z	info	disk/utils.go:25	开始多路径FIO测试
